{
  "stats": {
    "suites": 1,
    "tests": 2,
    "passes": 1,
    "pending": 0,
    "failures": 1,
    "start": "2021-07-24T09:13:21.974Z",
    "end": "2021-07-24T09:14:09.938Z",
    "duration": 47964,
    "testsRegistered": 2,
    "passPercent": 50,
    "pendingPercent": 0,
    "other": 0,
    "hasOther": false,
    "skipped": 0,
    "hasSkipped": false
  },
  "results": [
    {
      "uuid": "8440f80e-e6fe-4518-a67b-23e80add10d0",
      "title": "",
      "fullFile": "cypress/integration/examples/BDD/Order.feature",
      "file": "cypress/integration/examples/BDD/Order.feature",
      "beforeHooks": [],
      "afterHooks": [],
      "tests": [],
      "suites": [
        {
          "uuid": "a4f54424-ed28-4e2f-81fe-ad23525a9ce2",
          "title": "Order phonefrom ecommerce site",
          "fullFile": "",
          "file": "",
          "beforeHooks": [],
          "afterHooks": [],
          "tests": [
            {
              "title": "Place the order successfully",
              "fullTitle": "Order phonefrom ecommerce site Place the order successfully",
              "timedOut": null,
              "duration": 29373,
              "state": "failed",
              "speed": null,
              "pass": false,
              "fail": true,
              "pending": false,
              "context": null,
              "code": "const state = window.testState;\nreturn cy\n  .then(() => state.onStartScenario(scenario, indexedSteps))\n  .then(() =>\n    resolveAndRunBeforeHooks.call(this, scenario.tags, state.feature.name)\n  )\n  .then(() =>\n    indexedSteps.forEach((step) =>\n      stepTest.call(this, state, step, rowData)\n    )\n  )\n  .then(() => state.onFinishScenario(scenario));",
              "err": {
                "message": "CypressError: Timed out retrying after 6050ms: `cy.click()` failed because this element:\n\n`<div class=\"checkbox checkbox-primary\">...</div>`\n\nis being covered by another element:\n\n`<a>India</a>`\n\nFix this problem, or use {force: true} to disable error checking.\n\nhttps://on.cypress.io/element-cannot-be-interacted-with",
                "estack": "CypressError: Timed out retrying after 6050ms: `cy.click()` failed because this element:\n\n`<div class=\"checkbox checkbox-primary\">...</div>`\n\nis being covered by another element:\n\n`<a>India</a>`\n\nFix this problem, or use {force: true} to disable error checking.\n\nhttps://on.cypress.io/element-cannot-be-interacted-with\n    at $Cy.ensureDescendents (https://rahulshettyacademy.com/__cypress/runner/cypress_runner.js:144135:26)\n    at ensureDescendents (https://rahulshettyacademy.com/__cypress/runner/cypress_runner.js:132328:8)\n    at ensureDescendentsAndScroll (https://rahulshettyacademy.com/__cypress/runner/cypress_runner.js:132335:14)\n    at ensureElIsNotCovered (https://rahulshettyacademy.com/__cypress/runner/cypress_runner.js:132469:5)\n    at runAllChecks (https://rahulshettyacademy.com/__cypress/runner/cypress_runner.js:132656:52)\n    at retryActionability (https://rahulshettyacademy.com/__cypress/runner/cypress_runner.js:132679:16)\n    at tryCatcher (https://rahulshettyacademy.com/__cypress/runner/cypress_runner.js:10798:23)\n    at Function.Promise.attempt.Promise.try (https://rahulshettyacademy.com/__cypress/runner/cypress_runner.js:8072:29)\n    at tryFn (https://rahulshettyacademy.com/__cypress/runner/cypress_runner.js:148807:21)\n    at whenStable (https://rahulshettyacademy.com/__cypress/runner/cypress_runner.js:148845:12)\n    at https://rahulshettyacademy.com/__cypress/runner/cypress_runner.js:148337:16\n    at tryCatcher (https://rahulshettyacademy.com/__cypress/runner/cypress_runner.js:10798:23)\n    at Promise._settlePromiseFromHandler (https://rahulshettyacademy.com/__cypress/runner/cypress_runner.js:8733:31)\n    at Promise._settlePromise (https://rahulshettyacademy.com/__cypress/runner/cypress_runner.js:8790:18)\n    at Promise._settlePromise0 (https://rahulshettyacademy.com/__cypress/runner/cypress_runner.js:8835:10)\n    at Promise._settlePromises (https://rahulshettyacademy.com/__cypress/runner/cypress_runner.js:8915:18)\nFrom Your Spec Code:\n    at Context.eval (https://rahulshettyacademy.com/__cypress/tests?p=cypress\\integration\\examples\\BDD\\Order.feature:80:22)\n    at Context.resolveAndRunStepDefinition (https://rahulshettyacademy.com/__cypress/tests?p=cypress\\integration\\examples\\BDD\\Order.feature:10694:29)\n    at Context.eval (https://rahulshettyacademy.com/__cypress/tests?p=cypress\\integration\\examples\\BDD\\Order.feature:10026:35)",
                "diff": null
              },
              "uuid": "8dda5c5c-96d1-4582-af1c-4a7f725cf433",
              "parentUUID": "a4f54424-ed28-4e2f-81fe-ad23525a9ce2",
              "isHook": false,
              "skipped": false
            },
            {
              "title": "Filling the form to Shop",
              "fullTitle": "Order phonefrom ecommerce site Filling the form to Shop",
              "timedOut": null,
              "duration": 7025,
              "state": "passed",
              "speed": "slow",
              "pass": true,
              "fail": false,
              "pending": false,
              "context": null,
              "code": "const state = window.testState;\nreturn cy\n  .then(() => state.onStartScenario(scenario, indexedSteps))\n  .then(() =>\n    resolveAndRunBeforeHooks.call(this, scenario.tags, state.feature.name)\n  )\n  .then(() =>\n    indexedSteps.forEach((step) =>\n      stepTest.call(this, state, step, rowData)\n    )\n  )\n  .then(() => state.onFinishScenario(scenario));",
              "err": {},
              "uuid": "0fc252e9-a4f8-4050-9899-f904b5d498a2",
              "parentUUID": "a4f54424-ed28-4e2f-81fe-ad23525a9ce2",
              "isHook": false,
              "skipped": false
            }
          ],
          "suites": [],
          "passes": [
            "0fc252e9-a4f8-4050-9899-f904b5d498a2"
          ],
          "failures": [
            "8dda5c5c-96d1-4582-af1c-4a7f725cf433"
          ],
          "pending": [],
          "skipped": [],
          "duration": 36398,
          "root": false,
          "rootEmpty": false,
          "_timeout": 2000
        }
      ],
      "passes": [],
      "failures": [],
      "pending": [],
      "skipped": [],
      "duration": 0,
      "root": true,
      "rootEmpty": true,
      "_timeout": 2000
    }
  ],
  "meta": {
    "mocha": {
      "version": "7.0.1"
    },
    "mochawesome": {
      "options": {
        "quiet": false,
        "reportFilename": "mochawesome",
        "saveHtml": true,
        "saveJson": true,
        "consoleReporter": "spec",
        "useInlineDiffs": false,
        "code": true
      },
      "version": "6.2.2"
    },
    "marge": {
      "options": null,
      "version": "5.2.0"
    }
  }
}